# JRE version: Java(TM) SE Runtime Environment (8.0_191-b12) (build 1.8.0_191-b12)
# Java VM: Java HotSpot(TM) Client VM (25.191-b12 mixed mode windows-x86 )
Heap:
 def new generation   total 20416K, used 14184K [0x04a00000, 0x06020000, 0x09f50000)
  eden space 18176K,  74% used [0x04a00000, 0x05748338, 0x05bc0000)
  from space 2240K,  26% used [0x05bc0000, 0x05c51e58, 0x05df0000)
  to   space 2240K,   0% used [0x05df0000, 0x05df0000, 0x06020000)
 tenured generation   total 45252K, used 43858K [0x09f50000, 0x0cb81000, 0x14a00000)
   the space 45252K,  96% used [0x09f50000, 0x0ca24a78, 0x0ca24c00, 0x0cb81000)
 Metaspace       used 38806K, capacity 40264K, committed 40320K, reserved 40320K
GC Heap History (10 events):
Event: 69548.308 GC heap before
{Heap before GC invocations=244 (full 5):
 def new generation   total 20416K, used 19143K [0x04a00000, 0x06020000, 0x09f50000)
  eden space 18176K, 100% used [0x04a00000, 0x05bc0000, 0x05bc0000)
  from space 2240K,  43% used [0x05df0000, 0x05ee1df0, 0x06020000)
  to   space 2240K,   0% used [0x05bc0000, 0x05bc0000, 0x05df0000)
 tenured generation   total 45252K, used 43858K [0x09f50000, 0x0cb81000, 0x14a00000)
   the space 45252K,  96% used [0x09f50000, 0x0ca24a78, 0x0ca24c00, 0x0cb81000)
 Metaspace       used 38806K, capacity 40264K, committed 40320K, reserved 40320K
Event: 69548.452 GC heap after
Heap after GC invocations=245 (full 5):
 def new generation   total 20416K, used 557K [0x04a00000, 0x06020000, 0x09f50000)
  eden space 18176K,   0% used [0x04a00000, 0x04a00000, 0x05bc0000)
  from space 2240K,  24% used [0x05bc0000, 0x05c4b5b0, 0x05df0000)
  to   space 2240K,   0% used [0x05df0000, 0x05df0000, 0x06020000)
 tenured generation   total 45252K, used 43858K [0x09f50000, 0x0cb81000, 0x14a00000)
   the space 45252K,  96% used [0x09f50000, 0x0ca24a78, 0x0ca24c00, 0x0cb81000)
 Metaspace       used 38806K, capacity 40264K, committed 40320K, reserved 40320K
}
Event: 69550.200 GC heap before
{Heap before GC invocations=245 (full 5):
 def new generation   total 20416K, used 18733K [0x04a00000, 0x06020000, 0x09f50000)
  eden space 18176K, 100% used [0x04a00000, 0x05bc0000, 0x05bc0000)
  from space 2240K,  24% used [0x05bc0000, 0x05c4b5b0, 0x05df0000)
  to   space 2240K,   0% used [0x05df0000, 0x05df0000, 0x06020000)
 tenured generation   total 45252K, used 43858K [0x09f50000, 0x0cb81000, 0x14a00000)
   the space 45252K,  96% used [0x09f50000, 0x0ca24a78, 0x0ca24c00, 0x0cb81000)
 Metaspace       used 38806K, capacity 40264K, committed 40320K, reserved 40320K
Event: 69550.204 GC heap after
Heap after GC invocations=246 (full 5):
 def new generation   total 20416K, used 566K [0x04a00000, 0x06020000, 0x09f50000)
  eden space 18176K,   0% used [0x04a00000, 0x04a00000, 0x05bc0000)
  from space 2240K,  25% used [0x05df0000, 0x05e7d9a0, 0x06020000)
  to   space 2240K,   0% used [0x05bc0000, 0x05bc0000, 0x05df0000)
 tenured generation   total 45252K, used 43858K [0x09f50000, 0x0cb81000, 0x14a00000)
   the space 45252K,  96% used [0x09f50000, 0x0ca24a78, 0x0ca24c00, 0x0cb81000)
 Metaspace       used 38806K, capacity 40264K, committed 40320K, reserved 40320K
}
Event: 69551.758 GC heap before
{Heap before GC invocations=246 (full 5):
 def new generation   total 20416K, used 18742K [0x04a00000, 0x06020000, 0x09f50000)
  eden space 18176K, 100% used [0x04a00000, 0x05bc0000, 0x05bc0000)
  from space 2240K,  25% used [0x05df0000, 0x05e7d9a0, 0x06020000)
  to   space 2240K,   0% used [0x05bc0000, 0x05bc0000, 0x05df0000)
 tenured generation   total 45252K, used 43858K [0x09f50000, 0x0cb81000, 0x14a00000)
   the space 45252K,  96% used [0x09f50000, 0x0ca24a78, 0x0ca24c00, 0x0cb81000)
 Metaspace       used 38806K, capacity 40264K, committed 40320K, reserved 40320K
Event: 69551.762 GC heap after
Heap after GC invocations=247 (full 5):
 def new generation   total 20416K, used 583K [0x04a00000, 0x06020000, 0x09f50000)
  eden space 18176K,   0% used [0x04a00000, 0x04a00000, 0x05bc0000)
  from space 2240K,  26% used [0x05bc0000, 0x05c51dd0, 0x05df0000)
  to   space 2240K,   0% used [0x05df0000, 0x05df0000, 0x06020000)
 tenured generation   total 45252K, used 43858K [0x09f50000, 0x0cb81000, 0x14a00000)
   the space 45252K,  96% used [0x09f50000, 0x0ca24a78, 0x0ca24c00, 0x0cb81000)
 Metaspace       used 38806K, capacity 40264K, committed 40320K, reserved 40320K
}
Event: 69553.118 GC heap before
{Heap before GC invocations=247 (full 5):
 def new generation   total 20416K, used 18759K [0x04a00000, 0x06020000, 0x09f50000)
  eden space 18176K, 100% used [0x04a00000, 0x05bc0000, 0x05bc0000)
  from space 2240K,  26% used [0x05bc0000, 0x05c51dd0, 0x05df0000)
  to   space 2240K,   0% used [0x05df0000, 0x05df0000, 0x06020000)
 tenured generation   total 45252K, used 43858K [0x09f50000, 0x0cb81000, 0x14a00000)
   the space 45252K,  96% used [0x09f50000, 0x0ca24a78, 0x0ca24c00, 0x0cb81000)
 Metaspace       used 38806K, capacity 40264K, committed 40320K, reserved 40320K
Event: 69553.122 GC heap after
Heap after GC invocations=248 (full 5):
 def new generation   total 20416K, used 584K [0x04a00000, 0x06020000, 0x09f50000)
  eden space 18176K,   0% used [0x04a00000, 0x04a00000, 0x05bc0000)
  from space 2240K,  26% used [0x05df0000, 0x05e82278, 0x06020000)
  to   space 2240K,   0% used [0x05bc0000, 0x05bc0000, 0x05df0000)
 tenured generation   total 45252K, used 43858K [0x09f50000, 0x0cb81000, 0x14a00000)
   the space 45252K,  96% used [0x09f50000, 0x0ca24a78, 0x0ca24c00, 0x0cb81000)
 Metaspace       used 38806K, capacity 40264K, committed 40320K, reserved 40320K
}
Event: 69554.532 GC heap before
{Heap before GC invocations=248 (full 5):
 def new generation   total 20416K, used 18760K [0x04a00000, 0x06020000, 0x09f50000)
  eden space 18176K, 100% used [0x04a00000, 0x05bc0000, 0x05bc0000)
  from space 2240K,  26% used [0x05df0000, 0x05e82278, 0x06020000)
  to   space 2240K,   0% used [0x05bc0000, 0x05bc0000, 0x05df0000)
 tenured generation   total 45252K, used 43858K [0x09f50000, 0x0cb81000, 0x14a00000)
   the space 45252K,  96% used [0x09f50000, 0x0ca24a78, 0x0ca24c00, 0x0cb81000)
 Metaspace       used 38806K, capacity 40264K, committed 40320K, reserved 40320K
Event: 69554.536 GC heap after
Heap after GC invocations=249 (full 5):
 def new generation   total 20416K, used 583K [0x04a00000, 0x06020000, 0x09f50000)
  eden space 18176K,   0% used [0x04a00000, 0x04a00000, 0x05bc0000)
  from space 2240K,  26% used [0x05bc0000, 0x05c51e58, 0x05df0000)
  to   space 2240K,   0% used [0x05df0000, 0x05df0000, 0x06020000)
 tenured generation   total 45252K, used 43858K [0x09f50000, 0x0cb81000, 0x14a00000)
   the space 45252K,  96% used [0x09f50000, 0x0ca24a78, 0x0ca24c00, 0x0cb81000)
 Metaspace       used 38806K, capacity 40264K, committed 40320K, reserved 40320K
}

